# JRE version: OpenJDK Runtime Environment Temurin-17.0.11+9 (17.0.11+9) (build 17.0.11+9)
# Java VM: OpenJDK 64-Bit Server VM Temurin-17.0.11+9 (17.0.11+9, mixed mode, emulated-client, tiered, compressed oops, compressed class ptrs, g1 gc, windows-amd64)
GC Precious Log:
 CPUs: 4 total, 4 available
 Memory: 3934M
 Large Page Support: Disabled
 NUMA Support: Disabled
 Compressed Oops: Enabled (32-bit)
 Heap Region Size: 1M
 Heap Min Capacity: 8M
 Heap Initial Capacity: 62M
 Heap Max Capacity: 1G
 Pre-touch: Disabled
 Parallel Workers: 4
 Concurrent Workers: 1
 Concurrent Refinement Workers: 4
 Periodic GC: Disabled
Heap:
 garbage-first heap   total 63488K, used 24788K [0x00000000c0000000, 0x0000000100000000)
  region size 1024K, 1 young (1024K), 0 survivors (0K)
 Metaspace       used 40053K, committed 40640K, reserved 1114112K
  class space    used 5309K, committed 5568K, reserved 1048576K
GC Heap History (20 events):
Event: 567.884 GC heap before
{Heap before GC invocations=59 (full 43):
 garbage-first heap   total 63488K, used 24788K [0x00000000c0000000, 0x0000000100000000)
  region size 1024K, 1 young (1024K), 0 survivors (0K)
 Metaspace       used 40053K, committed 40640K, reserved 1114112K
  class space    used 5309K, committed 5568K, reserved 1048576K
}
Event: 567.932 GC heap after
{Heap after GC invocations=60 (full 44):
 garbage-first heap   total 63488K, used 24788K [0x00000000c0000000, 0x0000000100000000)
  region size 1024K, 0 young (0K), 0 survivors (0K)
 Metaspace       used 40053K, committed 40640K, reserved 1114112K
  class space    used 5309K, committed 5568K, reserved 1048576K
}
Event: 580.720 GC heap before
{Heap before GC invocations=60 (full 44):
 garbage-first heap   total 63488K, used 24788K [0x00000000c0000000, 0x0000000100000000)
  region size 1024K, 1 young (1024K), 0 survivors (0K)
 Metaspace       used 40053K, committed 40640K, reserved 1114112K
  class space    used 5309K, committed 5568K, reserved 1048576K
}
Event: 580.760 GC heap after
{Heap after GC invocations=61 (full 45):
 garbage-first heap   total 63488K, used 24788K [0x00000000c0000000, 0x0000000100000000)
  region size 1024K, 0 young (0K), 0 survivors (0K)
 Metaspace       used 40053K, committed 40640K, reserved 1114112K
  class space    used 5309K, committed 5568K, reserved 1048576K
}
Event: 593.687 GC heap before
{Heap before GC invocations=61 (full 45):
 garbage-first heap   total 63488K, used 24788K [0x00000000c0000000, 0x0000000100000000)
  region size 1024K, 1 young (1024K), 0 survivors (0K)
 Metaspace       used 40053K, committed 40640K, reserved 1114112K
  class space    used 5309K, committed 5568K, reserved 1048576K
}
Event: 593.852 GC heap after
{Heap after GC invocations=62 (full 46):
 garbage-first heap   total 63488K, used 24788K [0x00000000c0000000, 0x0000000100000000)
  region size 1024K, 0 young (0K), 0 survivors (0K)
 Metaspace       used 40053K, committed 40640K, reserved 1114112K
  class space    used 5309K, committed 5568K, reserved 1048576K
}
Event: 604.894 GC heap before
{Heap before GC invocations=62 (full 46):
 garbage-first heap   total 63488K, used 24788K [0x00000000c0000000, 0x0000000100000000)
  region size 1024K, 1 young (1024K), 0 survivors (0K)
 Metaspace       used 40053K, committed 40640K, reserved 1114112K
  class space    used 5309K, committed 5568K, reserved 1048576K
}
Event: 604.955 GC heap after
{Heap after GC invocations=63 (full 47):
 garbage-first heap   total 63488K, used 24788K [0x00000000c0000000, 0x0000000100000000)
  region size 1024K, 0 young (0K), 0 survivors (0K)
 Metaspace       used 40053K, committed 40640K, reserved 1114112K
  class space    used 5309K, committed 5568K, reserved 1048576K
}
Event: 616.695 GC heap before
{Heap before GC invocations=63 (full 47):
 garbage-first heap   total 63488K, used 24788K [0x00000000c0000000, 0x0000000100000000)
  region size 1024K, 1 young (1024K), 0 survivors (0K)
 Metaspace       used 40053K, committed 40640K, reserved 1114112K
  class space    used 5309K, committed 5568K, reserved 1048576K
}
Event: 616.759 GC heap after
{Heap after GC invocations=64 (full 48):
 garbage-first heap   total 63488K, used 24788K [0x00000000c0000000, 0x0000000100000000)
  region size 1024K, 0 young (0K), 0 survivors (0K)
 Metaspace       used 40053K, committed 40640K, reserved 1114112K
  class space    used 5309K, committed 5568K, reserved 1048576K
}
Event: 629.466 GC heap before
{Heap before GC invocations=64 (full 48):
 garbage-first heap   total 63488K, used 24788K [0x00000000c0000000, 0x0000000100000000)
  region size 1024K, 1 young (1024K), 0 survivors (0K)
 Metaspace       used 40053K, committed 40640K, reserved 1114112K
  class space    used 5309K, committed 5568K, reserved 1048576K
}
Event: 629.508 GC heap after
{Heap after GC invocations=65 (full 49):
 garbage-first heap   total 63488K, used 24788K [0x00000000c0000000, 0x0000000100000000)
  region size 1024K, 0 young (0K), 0 survivors (0K)
 Metaspace       used 40053K, committed 40640K, reserved 1114112K
  class space    used 5309K, committed 5568K, reserved 1048576K
}
Event: 640.272 GC heap before
{Heap before GC invocations=65 (full 49):
 garbage-first heap   total 63488K, used 24788K [0x00000000c0000000, 0x0000000100000000)
  region size 1024K, 1 young (1024K), 0 survivors (0K)
 Metaspace       used 40053K, committed 40640K, reserved 1114112K
  class space    used 5309K, committed 5568K, reserved 1048576K
}
Event: 640.321 GC heap after
{Heap after GC invocations=66 (full 50):
 garbage-first heap   total 63488K, used 24788K [0x00000000c0000000, 0x0000000100000000)
  region size 1024K, 0 young (0K), 0 survivors (0K)
 Metaspace       used 40053K, committed 40640K, reserved 1114112K
  class space    used 5309K, committed 5568K, reserved 1048576K
}
Event: 650.713 GC heap before
{Heap before GC invocations=66 (full 50):
 garbage-first heap   total 63488K, used 24788K [0x00000000c0000000, 0x0000000100000000)
  region size 1024K, 1 young (1024K), 0 survivors (0K)
 Metaspace       used 40053K, committed 40640K, reserved 1114112K
  class space    used 5309K, committed 5568K, reserved 1048576K
}
Event: 650.751 GC heap after
{Heap after GC invocations=67 (full 51):
 garbage-first heap   total 63488K, used 24788K [0x00000000c0000000, 0x0000000100000000)
  region size 1024K, 0 young (0K), 0 survivors (0K)
 Metaspace       used 40053K, committed 40640K, reserved 1114112K
  class space    used 5309K, committed 5568K, reserved 1048576K
}
Event: 662.251 GC heap before
{Heap before GC invocations=67 (full 51):
 garbage-first heap   total 63488K, used 24788K [0x00000000c0000000, 0x0000000100000000)
  region size 1024K, 1 young (1024K), 0 survivors (0K)
 Metaspace       used 40053K, committed 40640K, reserved 1114112K
  class space    used 5309K, committed 5568K, reserved 1048576K
}
Event: 662.286 GC heap after
{Heap after GC invocations=68 (full 52):
 garbage-first heap   total 63488K, used 24788K [0x00000000c0000000, 0x0000000100000000)
  region size 1024K, 0 young (0K), 0 survivors (0K)
 Metaspace       used 40053K, committed 40640K, reserved 1114112K
  class space    used 5309K, committed 5568K, reserved 1048576K
}
Event: 674.019 GC heap before
{Heap before GC invocations=68 (full 52):
 garbage-first heap   total 63488K, used 24788K [0x00000000c0000000, 0x0000000100000000)
  region size 1024K, 1 young (1024K), 0 survivors (0K)
 Metaspace       used 40053K, committed 40640K, reserved 1114112K
  class space    used 5309K, committed 5568K, reserved 1048576K
}
Event: 674.062 GC heap after
{Heap after GC invocations=69 (full 53):
 garbage-first heap   total 63488K, used 24788K [0x00000000c0000000, 0x0000000100000000)
  region size 1024K, 0 young (0K), 0 survivors (0K)
 Metaspace       used 40053K, committed 40640K, reserved 1114112K
  class space    used 5309K, committed 5568K, reserved 1048576K
}

