# JRE version: OpenJDK Runtime Environment Temurin-21.0.3+9 (21.0.3+9) (build 21.0.3+9-LTS)
# Java VM: OpenJDK 64-Bit Server VM Temurin-21.0.3+9 (21.0.3+9-LTS, mixed mode, emulated-client, sharing, tiered, compressed oops, compressed class ptrs, g1 gc, windows-amd64)
GC Precious Log:
 CardTable entry size: 512
 Card Set container configuration: InlinePtr #cards 5 size 8 Array Of Cards #cards 12 size 40 Howl #buckets 4 coarsen threshold 1843 Howl Bitmap #cards 512 size 80 coarsen threshold 460 Card regions per heap region 1 cards per card region 2048
 CPUs: 4 total, 4 available
 Memory: 3934M
 Large Page Support: Disabled
 NUMA Support: Disabled
 Compressed Oops: Enabled (32-bit)
 Heap Region Size: 1M
 Heap Min Capacity: 8M
 Heap Initial Capacity: 62M
 Heap Max Capacity: 984M
 Pre-touch: Disabled
 Parallel Workers: 4
 Concurrent Workers: 1
 Concurrent Refinement Workers: 4
 Periodic GC: Disabled
Heap:
 garbage-first heap   total 97280K, used 49592K [0x00000000c2800000, 0x0000000100000000)
  region size 1024K, 28 young (28672K), 3 survivors (3072K)
 Metaspace       used 41196K, committed 41856K, reserved 1114112K
  class space    used 5758K, committed 6080K, reserved 1048576K
GC Heap History (20 events):
Event: 338.145 GC heap after
{Heap after GC invocations=16 (full 2):
 garbage-first heap   total 55296K, used 25222K [0x00000000c2800000, 0x0000000100000000)
  region size 1024K, 3 young (3072K), 3 survivors (3072K)
 Metaspace       used 40333K, committed 41280K, reserved 1114112K
  class space    used 5618K, committed 6016K, reserved 1048576K
}
Event: 340.401 GC heap before
{Heap before GC invocations=17 (full 2):
 garbage-first heap   total 55296K, used 43654K [0x00000000c2800000, 0x0000000100000000)
  region size 1024K, 22 young (22528K), 3 survivors (3072K)
 Metaspace       used 40408K, committed 41280K, reserved 1114112K
  class space    used 5633K, committed 6016K, reserved 1048576K
}
Event: 340.416 GC heap after
{Heap after GC invocations=18 (full 2):
 garbage-first heap   total 55296K, used 27702K [0x00000000c2800000, 0x0000000100000000)
  region size 1024K, 3 young (3072K), 3 survivors (3072K)
 Metaspace       used 40408K, committed 41280K, reserved 1114112K
  class space    used 5633K, committed 6016K, reserved 1048576K
}
Event: 364.045 GC heap before
{Heap before GC invocations=18 (full 2):
 garbage-first heap   total 55296K, used 41014K [0x00000000c2800000, 0x0000000100000000)
  region size 1024K, 17 young (17408K), 3 survivors (3072K)
 Metaspace       used 40482K, committed 41280K, reserved 1114112K
  class space    used 5640K, committed 6016K, reserved 1048576K
}
Event: 364.473 GC heap after
{Heap after GC invocations=19 (full 3):
 garbage-first heap   total 55296K, used 23115K [0x00000000c2800000, 0x0000000100000000)
  region size 1024K, 0 young (0K), 0 survivors (0K)
 Metaspace       used 40477K, committed 41280K, reserved 1114112K
  class space    used 5639K, committed 6016K, reserved 1048576K
}
Event: 370.059 GC heap before
{Heap before GC invocations=19 (full 3):
 garbage-first heap   total 55296K, used 45643K [0x00000000c2800000, 0x0000000100000000)
  region size 1024K, 22 young (22528K), 0 survivors (0K)
 Metaspace       used 40550K, committed 41280K, reserved 1114112K
  class space    used 5653K, committed 6016K, reserved 1048576K
}
Event: 370.070 GC heap after
{Heap after GC invocations=20 (full 3):
 garbage-first heap   total 55296K, used 25279K [0x00000000c2800000, 0x0000000100000000)
  region size 1024K, 3 young (3072K), 3 survivors (3072K)
 Metaspace       used 40550K, committed 41280K, reserved 1114112K
  class space    used 5653K, committed 6016K, reserved 1048576K
}
Event: 374.791 GC heap before
{Heap before GC invocations=20 (full 3):
 garbage-first heap   total 55296K, used 44735K [0x00000000c2800000, 0x0000000100000000)
  region size 1024K, 23 young (23552K), 3 survivors (3072K)
 Metaspace       used 40912K, committed 41536K, reserved 1114112K
  class space    used 5719K, committed 6016K, reserved 1048576K
}
Event: 375.210 GC heap after
{Heap after GC invocations=21 (full 3):
 garbage-first heap   total 55296K, used 26476K [0x00000000c2800000, 0x0000000100000000)
  region size 1024K, 2 young (2048K), 2 survivors (2048K)
 Metaspace       used 40912K, committed 41536K, reserved 1114112K
  class space    used 5719K, committed 6016K, reserved 1048576K
}
Event: 376.584 GC heap before
{Heap before GC invocations=21 (full 3):
 garbage-first heap   total 55296K, used 43884K [0x00000000c2800000, 0x0000000100000000)
  region size 1024K, 19 young (19456K), 2 survivors (2048K)
 Metaspace       used 40957K, committed 41536K, reserved 1114112K
  class space    used 5731K, committed 6016K, reserved 1048576K
}
Event: 376.596 GC heap after
{Heap after GC invocations=22 (full 3):
 garbage-first heap   total 55296K, used 27962K [0x00000000c2800000, 0x0000000100000000)
  region size 1024K, 3 young (3072K), 3 survivors (3072K)
 Metaspace       used 40957K, committed 41536K, reserved 1114112K
  class space    used 5731K, committed 6016K, reserved 1048576K
}
Event: 377.705 GC heap before
{Heap before GC invocations=23 (full 3):
 garbage-first heap   total 55296K, used 41274K [0x00000000c2800000, 0x0000000100000000)
  region size 1024K, 17 young (17408K), 3 survivors (3072K)
 Metaspace       used 41023K, committed 41664K, reserved 1114112K
  class space    used 5734K, committed 6016K, reserved 1048576K
}
Event: 377.884 GC heap after
{Heap after GC invocations=24 (full 3):
 garbage-first heap   total 55296K, used 29067K [0x00000000c2800000, 0x0000000100000000)
  region size 1024K, 3 young (3072K), 3 survivors (3072K)
 Metaspace       used 41023K, committed 41664K, reserved 1114112K
  class space    used 5734K, committed 6016K, reserved 1048576K
}
Event: 389.098 GC heap before
{Heap before GC invocations=24 (full 3):
 garbage-first heap   total 55296K, used 40331K [0x00000000c2800000, 0x0000000100000000)
  region size 1024K, 14 young (14336K), 3 survivors (3072K)
 Metaspace       used 41058K, committed 41664K, reserved 1114112K
  class space    used 5740K, committed 6016K, reserved 1048576K
}
Event: 389.159 GC heap after
{Heap after GC invocations=25 (full 3):
 garbage-first heap   total 55296K, used 29788K [0x00000000c2800000, 0x0000000100000000)
  region size 1024K, 2 young (2048K), 2 survivors (2048K)
 Metaspace       used 41058K, committed 41664K, reserved 1114112K
  class space    used 5740K, committed 6016K, reserved 1048576K
}
Event: 471.973 GC heap before
{Heap before GC invocations=25 (full 3):
 garbage-first heap   total 55296K, used 33884K [0x00000000c2800000, 0x0000000100000000)
  region size 1024K, 7 young (7168K), 2 survivors (2048K)
 Metaspace       used 41060K, committed 41664K, reserved 1114112K
  class space    used 5740K, committed 6016K, reserved 1048576K
}
Event: 473.301 GC heap after
{Heap after GC invocations=26 (full 4):
 garbage-first heap   total 55296K, used 23490K [0x00000000c2800000, 0x0000000100000000)
  region size 1024K, 0 young (0K), 0 survivors (0K)
 Metaspace       used 41055K, committed 41664K, reserved 1114112K
  class space    used 5739K, committed 6016K, reserved 1048576K
}
Event: 478.311 GC heap before
{Heap before GC invocations=26 (full 4):
 garbage-first heap   total 55296K, used 46018K [0x00000000c2800000, 0x0000000100000000)
  region size 1024K, 23 young (23552K), 0 survivors (0K)
 Metaspace       used 41126K, committed 41792K, reserved 1114112K
  class space    used 5753K, committed 6080K, reserved 1048576K
}
Event: 478.331 GC heap after
{Heap after GC invocations=27 (full 4):
 garbage-first heap   total 97280K, used 26040K [0x00000000c2800000, 0x0000000100000000)
  region size 1024K, 3 young (3072K), 3 survivors (3072K)
 Metaspace       used 41126K, committed 41792K, reserved 1114112K
  class space    used 5753K, committed 6080K, reserved 1048576K
}
Event: 484.195 GC heap before
{Heap before GC invocations=27 (full 4):
 garbage-first heap   total 97280K, used 49592K [0x00000000c2800000, 0x0000000100000000)
  region size 1024K, 28 young (28672K), 3 survivors (3072K)
 Metaspace       used 41196K, committed 41856K, reserved 1114112K
  class space    used 5758K, committed 6080K, reserved 1048576K
}

