# JRE version: OpenJDK Runtime Environment Temurin-17.0.11+9 (17.0.11+9) (build 17.0.11+9)
# Java VM: OpenJDK 64-Bit Server VM Temurin-17.0.11+9 (17.0.11+9, mixed mode, tiered, compressed oops, compressed class ptrs, parallel gc, windows-amd64)
GC Precious Log:
 CPUs: 4 total, 4 available
 Memory: 3934M
 Large Page Support: Disabled
 NUMA Support: Disabled
 Compressed Oops: Enabled (32-bit)
 Alignments: Space 512K, Generation 512K, Heap 2M
 Heap Min Capacity: 100M
 Heap Initial Capacity: 100M
 Heap Max Capacity: 1G
 Pre-touch: Disabled
 Parallel Workers: 4
Heap:
 PSYoungGen      total 19968K, used 13823K [0x00000000eab00000, 0x00000000ec080000, 0x0000000100000000)
  eden space 18944K, 69% used [0x00000000eab00000,0x00000000eb7d7f88,0x00000000ebd80000)
  from space 1024K, 65% used [0x00000000ebf80000,0x00000000ec028000,0x00000000ec080000)
  to   space 1024K, 0% used [0x00000000ebd80000,0x00000000ebd80000,0x00000000ebe80000)
 ParOldGen       total 68608K, used 30404K [0x00000000c0000000, 0x00000000c4300000, 0x00000000eab00000)
  object space 68608K, 44% used [0x00000000c0000000,0x00000000c1db11f0,0x00000000c4300000)
 Metaspace       used 48435K, committed 49280K, reserved 1114112K
  class space    used 4923K, committed 5312K, reserved 1048576K
GC Heap History (20 events):
Event: 21.677 GC heap before
{Heap before GC invocations=17 (full 2):
 PSYoungGen      total 23040K, used 22656K [0x00000000eab00000, 0x00000000ec400000, 0x0000000100000000)
  eden space 22016K, 100% used [0x00000000eab00000,0x00000000ec080000,0x00000000ec080000)
  from space 1024K, 62% used [0x00000000ec300000,0x00000000ec3a0020,0x00000000ec400000)
  to   space 1024K, 0% used [0x00000000ec080000,0x00000000ec080000,0x00000000ec180000)
 ParOldGen       total 68608K, used 18668K [0x00000000c0000000, 0x00000000c4300000, 0x00000000eab00000)
  object space 68608K, 27% used [0x00000000c0000000,0x00000000c123b0c0,0x00000000c4300000)
 Metaspace       used 43028K, committed 43776K, reserved 1114112K
  class space    used 4379K, committed 4736K, reserved 1048576K
}
Event: 21.681 GC heap after
{Heap after GC invocations=17 (full 2):
 PSYoungGen      total 23040K, used 992K [0x00000000eab00000, 0x00000000ec480000, 0x0000000100000000)
  eden space 22016K, 0% used [0x00000000eab00000,0x00000000eab00000,0x00000000ec080000)
  from space 1024K, 96% used [0x00000000ec080000,0x00000000ec178040,0x00000000ec180000)
  to   space 2048K, 0% used [0x00000000ec280000,0x00000000ec280000,0x00000000ec480000)
 ParOldGen       total 68608K, used 19419K [0x00000000c0000000, 0x00000000c4300000, 0x00000000eab00000)
  object space 68608K, 28% used [0x00000000c0000000,0x00000000c12f6c50,0x00000000c4300000)
 Metaspace       used 43028K, committed 43776K, reserved 1114112K
  class space    used 4379K, committed 4736K, reserved 1048576K
}
Event: 21.881 GC heap before
{Heap before GC invocations=18 (full 2):
 PSYoungGen      total 23040K, used 23008K [0x00000000eab00000, 0x00000000ec480000, 0x0000000100000000)
  eden space 22016K, 100% used [0x00000000eab00000,0x00000000ec080000,0x00000000ec080000)
  from space 1024K, 96% used [0x00000000ec080000,0x00000000ec178040,0x00000000ec180000)
  to   space 2048K, 0% used [0x00000000ec280000,0x00000000ec280000,0x00000000ec480000)
 ParOldGen       total 68608K, used 19419K [0x00000000c0000000, 0x00000000c4300000, 0x00000000eab00000)
  object space 68608K, 28% used [0x00000000c0000000,0x00000000c12f6c50,0x00000000c4300000)
 Metaspace       used 43028K, committed 43776K, reserved 1114112K
  class space    used 4379K, committed 4736K, reserved 1048576K
}
Event: 21.885 GC heap after
{Heap after GC invocations=18 (full 2):
 PSYoungGen      total 23552K, used 2016K [0x00000000eab00000, 0x00000000ec580000, 0x0000000100000000)
  eden space 21504K, 0% used [0x00000000eab00000,0x00000000eab00000,0x00000000ec000000)
  from space 2048K, 98% used [0x00000000ec280000,0x00000000ec478000,0x00000000ec480000)
  to   space 2560K, 0% used [0x00000000ec000000,0x00000000ec000000,0x00000000ec280000)
 ParOldGen       total 68608K, used 20422K [0x00000000c0000000, 0x00000000c4300000, 0x00000000eab00000)
  object space 68608K, 29% used [0x00000000c0000000,0x00000000c13f1a68,0x00000000c4300000)
 Metaspace       used 43028K, committed 43776K, reserved 1114112K
  class space    used 4379K, committed 4736K, reserved 1048576K
}
Event: 21.963 GC heap before
{Heap before GC invocations=19 (full 2):
 PSYoungGen      total 23552K, used 23520K [0x00000000eab00000, 0x00000000ec580000, 0x0000000100000000)
  eden space 21504K, 100% used [0x00000000eab00000,0x00000000ec000000,0x00000000ec000000)
  from space 2048K, 98% used [0x00000000ec280000,0x00000000ec478000,0x00000000ec480000)
  to   space 2560K, 0% used [0x00000000ec000000,0x00000000ec000000,0x00000000ec280000)
 ParOldGen       total 68608K, used 20422K [0x00000000c0000000, 0x00000000c4300000, 0x00000000eab00000)
  object space 68608K, 29% used [0x00000000c0000000,0x00000000c13f1a68,0x00000000c4300000)
 Metaspace       used 43089K, committed 43840K, reserved 1114112K
  class space    used 4383K, committed 4736K, reserved 1048576K
}
Event: 21.969 GC heap after
{Heap after GC invocations=19 (full 2):
 PSYoungGen      total 23552K, used 2016K [0x00000000eab00000, 0x00000000ec400000, 0x0000000100000000)
  eden space 21504K, 0% used [0x00000000eab00000,0x00000000eab00000,0x00000000ec000000)
  from space 2048K, 98% used [0x00000000ec000000,0x00000000ec1f8010,0x00000000ec200000)
  to   space 2048K, 0% used [0x00000000ec200000,0x00000000ec200000,0x00000000ec400000)
 ParOldGen       total 68608K, used 22398K [0x00000000c0000000, 0x00000000c4300000, 0x00000000eab00000)
  object space 68608K, 32% used [0x00000000c0000000,0x00000000c15dfa68,0x00000000c4300000)
 Metaspace       used 43089K, committed 43840K, reserved 1114112K
  class space    used 4383K, committed 4736K, reserved 1048576K
}
Event: 22.030 GC heap before
{Heap before GC invocations=20 (full 2):
 PSYoungGen      total 23552K, used 23520K [0x00000000eab00000, 0x00000000ec400000, 0x0000000100000000)
  eden space 21504K, 100% used [0x00000000eab00000,0x00000000ec000000,0x00000000ec000000)
  from space 2048K, 98% used [0x00000000ec000000,0x00000000ec1f8010,0x00000000ec200000)
  to   space 2048K, 0% used [0x00000000ec200000,0x00000000ec200000,0x00000000ec400000)
 ParOldGen       total 68608K, used 22398K [0x00000000c0000000, 0x00000000c4300000, 0x00000000eab00000)
  object space 68608K, 32% used [0x00000000c0000000,0x00000000c15dfa68,0x00000000c4300000)
 Metaspace       used 43090K, committed 43840K, reserved 1114112K
  class space    used 4383K, committed 4736K, reserved 1048576K
}
Event: 22.034 GC heap after
{Heap after GC invocations=20 (full 2):
 PSYoungGen      total 23552K, used 1664K [0x00000000eab00000, 0x00000000ec400000, 0x0000000100000000)
  eden space 21504K, 0% used [0x00000000eab00000,0x00000000eab00000,0x00000000ec000000)
  from space 2048K, 81% used [0x00000000ec200000,0x00000000ec3a0000,0x00000000ec400000)
  to   space 2048K, 0% used [0x00000000ec000000,0x00000000ec000000,0x00000000ec200000)
 ParOldGen       total 68608K, used 24380K [0x00000000c0000000, 0x00000000c4300000, 0x00000000eab00000)
  object space 68608K, 35% used [0x00000000c0000000,0x00000000c17cf2f8,0x00000000c4300000)
 Metaspace       used 43090K, committed 43840K, reserved 1114112K
  class space    used 4383K, committed 4736K, reserved 1048576K
}
Event: 22.131 GC heap before
{Heap before GC invocations=21 (full 2):
 PSYoungGen      total 23552K, used 23168K [0x00000000eab00000, 0x00000000ec400000, 0x0000000100000000)
  eden space 21504K, 100% used [0x00000000eab00000,0x00000000ec000000,0x00000000ec000000)
  from space 2048K, 81% used [0x00000000ec200000,0x00000000ec3a0000,0x00000000ec400000)
  to   space 2048K, 0% used [0x00000000ec000000,0x00000000ec000000,0x00000000ec200000)
 ParOldGen       total 68608K, used 24380K [0x00000000c0000000, 0x00000000c4300000, 0x00000000eab00000)
  object space 68608K, 35% used [0x00000000c0000000,0x00000000c17cf2f8,0x00000000c4300000)
 Metaspace       used 43141K, committed 43904K, reserved 1114112K
  class space    used 4390K, committed 4736K, reserved 1048576K
}
Event: 22.135 GC heap after
{Heap after GC invocations=21 (full 2):
 PSYoungGen      total 23040K, used 1376K [0x00000000eab00000, 0x00000000ec300000, 0x0000000100000000)
  eden space 21504K, 0% used [0x00000000eab00000,0x00000000eab00000,0x00000000ec000000)
  from space 1536K, 89% used [0x00000000ec000000,0x00000000ec158000,0x00000000ec180000)
  to   space 1536K, 0% used [0x00000000ec180000,0x00000000ec180000,0x00000000ec300000)
 ParOldGen       total 68608K, used 25588K [0x00000000c0000000, 0x00000000c4300000, 0x00000000eab00000)
  object space 68608K, 37% used [0x00000000c0000000,0x00000000c18fd2f8,0x00000000c4300000)
 Metaspace       used 43141K, committed 43904K, reserved 1114112K
  class space    used 4390K, committed 4736K, reserved 1048576K
}
Event: 22.208 GC heap before
{Heap before GC invocations=22 (full 2):
 PSYoungGen      total 23040K, used 22880K [0x00000000eab00000, 0x00000000ec300000, 0x0000000100000000)
  eden space 21504K, 100% used [0x00000000eab00000,0x00000000ec000000,0x00000000ec000000)
  from space 1536K, 89% used [0x00000000ec000000,0x00000000ec158000,0x00000000ec180000)
  to   space 1536K, 0% used [0x00000000ec180000,0x00000000ec180000,0x00000000ec300000)
 ParOldGen       total 68608K, used 25588K [0x00000000c0000000, 0x00000000c4300000, 0x00000000eab00000)
  object space 68608K, 37% used [0x00000000c0000000,0x00000000c18fd2f8,0x00000000c4300000)
 Metaspace       used 43183K, committed 43968K, reserved 1114112K
  class space    used 4390K, committed 4736K, reserved 1048576K
}
Event: 22.211 GC heap after
{Heap after GC invocations=22 (full 2):
 PSYoungGen      total 23040K, used 1216K [0x00000000eab00000, 0x00000000ec300000, 0x0000000100000000)
  eden space 21504K, 0% used [0x00000000eab00000,0x00000000eab00000,0x00000000ec000000)
  from space 1536K, 79% used [0x00000000ec180000,0x00000000ec2b0000,0x00000000ec300000)
  to   space 1536K, 0% used [0x00000000ec000000,0x00000000ec000000,0x00000000ec180000)
 ParOldGen       total 68608K, used 26392K [0x00000000c0000000, 0x00000000c4300000, 0x00000000eab00000)
  object space 68608K, 38% used [0x00000000c0000000,0x00000000c19c61b8,0x00000000c4300000)
 Metaspace       used 43183K, committed 43968K, reserved 1114112K
  class space    used 4390K, committed 4736K, reserved 1048576K
}
Event: 22.341 GC heap before
{Heap before GC invocations=23 (full 2):
 PSYoungGen      total 23040K, used 22720K [0x00000000eab00000, 0x00000000ec300000, 0x0000000100000000)
  eden space 21504K, 100% used [0x00000000eab00000,0x00000000ec000000,0x00000000ec000000)
  from space 1536K, 79% used [0x00000000ec180000,0x00000000ec2b0000,0x00000000ec300000)
  to   space 1536K, 0% used [0x00000000ec000000,0x00000000ec000000,0x00000000ec180000)
 ParOldGen       total 68608K, used 26392K [0x00000000c0000000, 0x00000000c4300000, 0x00000000eab00000)
  object space 68608K, 38% used [0x00000000c0000000,0x00000000c19c61b8,0x00000000c4300000)
 Metaspace       used 43477K, committed 44288K, reserved 1114112K
  class space    used 4416K, committed 4800K, reserved 1048576K
}
Event: 22.344 GC heap after
{Heap after GC invocations=23 (full 2):
 PSYoungGen      total 22528K, used 816K [0x00000000eab00000, 0x00000000ec200000, 0x0000000100000000)
  eden space 21504K, 0% used [0x00000000eab00000,0x00000000eab00000,0x00000000ec000000)
  from space 1024K, 79% used [0x00000000ec000000,0x00000000ec0cc010,0x00000000ec100000)
  to   space 1024K, 0% used [0x00000000ec100000,0x00000000ec100000,0x00000000ec200000)
 ParOldGen       total 68608K, used 27196K [0x00000000c0000000, 0x00000000c4300000, 0x00000000eab00000)
  object space 68608K, 39% used [0x00000000c0000000,0x00000000c1a8f078,0x00000000c4300000)
 Metaspace       used 43477K, committed 44288K, reserved 1114112K
  class space    used 4416K, committed 4800K, reserved 1048576K
}
Event: 22.776 GC heap before
{Heap before GC invocations=24 (full 2):
 PSYoungGen      total 22528K, used 22320K [0x00000000eab00000, 0x00000000ec200000, 0x0000000100000000)
  eden space 21504K, 100% used [0x00000000eab00000,0x00000000ec000000,0x00000000ec000000)
  from space 1024K, 79% used [0x00000000ec000000,0x00000000ec0cc010,0x00000000ec100000)
  to   space 1024K, 0% used [0x00000000ec100000,0x00000000ec100000,0x00000000ec200000)
 ParOldGen       total 68608K, used 27196K [0x00000000c0000000, 0x00000000c4300000, 0x00000000eab00000)
  object space 68608K, 39% used [0x00000000c0000000,0x00000000c1a8f078,0x00000000c4300000)
 Metaspace       used 45255K, committed 46016K, reserved 1114112K
  class space    used 4592K, committed 4928K, reserved 1048576K
}
Event: 22.781 GC heap after
{Heap after GC invocations=24 (full 2):
 PSYoungGen      total 19968K, used 1001K [0x00000000eab00000, 0x00000000ec700000, 0x0000000100000000)
  eden space 18944K, 0% used [0x00000000eab00000,0x00000000eab00000,0x00000000ebd80000)
  from space 1024K, 97% used [0x00000000ec100000,0x00000000ec1fa648,0x00000000ec200000)
  to   space 3584K, 0% used [0x00000000ebd80000,0x00000000ebd80000,0x00000000ec100000)
 ParOldGen       total 68608K, used 29163K [0x00000000c0000000, 0x00000000c4300000, 0x00000000eab00000)
  object space 68608K, 42% used [0x00000000c0000000,0x00000000c1c7af68,0x00000000c4300000)
 Metaspace       used 45255K, committed 46016K, reserved 1114112K
  class space    used 4592K, committed 4928K, reserved 1048576K
}
Event: 22.905 GC heap before
{Heap before GC invocations=25 (full 2):
 PSYoungGen      total 19968K, used 19945K [0x00000000eab00000, 0x00000000ec700000, 0x0000000100000000)
  eden space 18944K, 100% used [0x00000000eab00000,0x00000000ebd80000,0x00000000ebd80000)
  from space 1024K, 97% used [0x00000000ec100000,0x00000000ec1fa648,0x00000000ec200000)
  to   space 3584K, 0% used [0x00000000ebd80000,0x00000000ebd80000,0x00000000ec100000)
 ParOldGen       total 68608K, used 29163K [0x00000000c0000000, 0x00000000c4300000, 0x00000000eab00000)
  object space 68608K, 42% used [0x00000000c0000000,0x00000000c1c7af68,0x00000000c4300000)
 Metaspace       used 45346K, committed 46144K, reserved 1114112K
  class space    used 4599K, committed 4928K, reserved 1048576K
}
Event: 22.909 GC heap after
{Heap after GC invocations=25 (full 2):
 PSYoungGen      total 19968K, used 890K [0x00000000eab00000, 0x00000000ec180000, 0x0000000100000000)
  eden space 18944K, 0% used [0x00000000eab00000,0x00000000eab00000,0x00000000ebd80000)
  from space 1024K, 86% used [0x00000000ebd80000,0x00000000ebe5eab0,0x00000000ebe80000)
  to   space 2048K, 0% used [0x00000000ebf80000,0x00000000ebf80000,0x00000000ec180000)
 ParOldGen       total 68608K, used 30172K [0x00000000c0000000, 0x00000000c4300000, 0x00000000eab00000)
  object space 68608K, 43% used [0x00000000c0000000,0x00000000c1d771f0,0x00000000c4300000)
 Metaspace       used 45346K, committed 46144K, reserved 1114112K
  class space    used 4599K, committed 4928K, reserved 1048576K
}
Event: 968.448 GC heap before
{Heap before GC invocations=26 (full 2):
 PSYoungGen      total 19968K, used 19834K [0x00000000eab00000, 0x00000000ec180000, 0x0000000100000000)
  eden space 18944K, 100% used [0x00000000eab00000,0x00000000ebd80000,0x00000000ebd80000)
  from space 1024K, 86% used [0x00000000ebd80000,0x00000000ebe5eab0,0x00000000ebe80000)
  to   space 2048K, 0% used [0x00000000ebf80000,0x00000000ebf80000,0x00000000ec180000)
 ParOldGen       total 68608K, used 30172K [0x00000000c0000000, 0x00000000c4300000, 0x00000000eab00000)
  object space 68608K, 43% used [0x00000000c0000000,0x00000000c1d771f0,0x00000000c4300000)
 Metaspace       used 47615K, committed 48384K, reserved 1114112K
  class space    used 4829K, committed 5184K, reserved 1048576K
}
Event: 968.568 GC heap after
{Heap after GC invocations=26 (full 2):
 PSYoungGen      total 19968K, used 672K [0x00000000eab00000, 0x00000000ec080000, 0x0000000100000000)
  eden space 18944K, 0% used [0x00000000eab00000,0x00000000eab00000,0x00000000ebd80000)
  from space 1024K, 65% used [0x00000000ebf80000,0x00000000ec028000,0x00000000ec080000)
  to   space 1024K, 0% used [0x00000000ebd80000,0x00000000ebd80000,0x00000000ebe80000)
 ParOldGen       total 68608K, used 30404K [0x00000000c0000000, 0x00000000c4300000, 0x00000000eab00000)
  object space 68608K, 44% used [0x00000000c0000000,0x00000000c1db11f0,0x00000000c4300000)
 Metaspace       used 47615K, committed 48384K, reserved 1114112K
  class space    used 4829K, committed 5184K, reserved 1048576K
}

