# JRE version: OpenJDK Runtime Environment Temurin-17.0.11+9 (17.0.11+9) (build 17.0.11+9)
# Java VM: OpenJDK 64-Bit Server VM Temurin-17.0.11+9 (17.0.11+9, mixed mode, tiered, compressed oops, compressed class ptrs, parallel gc, windows-amd64)
GC Precious Log:
 CPUs: 4 total, 4 available
 Memory: 3934M
 Large Page Support: Disabled
 NUMA Support: Disabled
 Compressed Oops: Enabled (32-bit)
 Alignments: Space 512K, Generation 512K, Heap 2M
 Heap Min Capacity: 100M
 Heap Initial Capacity: 100M
 Heap Max Capacity: 1G
 Pre-touch: Disabled
 Parallel Workers: 4
Heap:
 PSYoungGen      total 27136K, used 1676K [0x00000000eab00000, 0x00000000ec700000, 0x0000000100000000)
  eden space 25600K, 1% used [0x00000000eab00000,0x00000000eab56068,0x00000000ec400000)
  from space 1536K, 86% used [0x00000000ec400000,0x00000000ec54d288,0x00000000ec580000)
  to   space 1536K, 0% used [0x00000000ec580000,0x00000000ec580000,0x00000000ec700000)
 ParOldGen       total 304640K, used 288360K [0x00000000c0000000, 0x00000000d2980000, 0x00000000eab00000)
  object space 304640K, 94% used [0x00000000c0000000,0x00000000d199a148,0x00000000d2980000)
 Metaspace       used 76670K, committed 78016K, reserved 1179648K
  class space    used 8132K, committed 8704K, reserved 1048576K
GC Heap History (20 events):
Event: 161.628 GC heap before
{Heap before GC invocations=336 (full 12):
 PSYoungGen      total 40960K, used 40804K [0x00000000eab00000, 0x00000000ee880000, 0x0000000100000000)
  eden space 25088K, 100% used [0x00000000eab00000,0x00000000ec380000,0x00000000ec380000)
  from space 15872K, 99% used [0x00000000ec380000,0x00000000ed2d92e8,0x00000000ed300000)
  to   space 17920K, 0% used [0x00000000ed700000,0x00000000ed700000,0x00000000ee880000)
 ParOldGen       total 304640K, used 267612K [0x00000000c0000000, 0x00000000d2980000, 0x00000000eab00000)
  object space 304640K, 87% used [0x00000000c0000000,0x00000000d05571d8,0x00000000d2980000)
 Metaspace       used 75871K, committed 77248K, reserved 1179648K
  class space    used 8068K, committed 8640K, reserved 1048576K
}
Event: 161.644 GC heap after
{Heap after GC invocations=336 (full 12):
 PSYoungGen      total 37888K, used 17913K [0x00000000eab00000, 0x00000000ef600000, 0x0000000100000000)
  eden space 19968K, 0% used [0x00000000eab00000,0x00000000eab00000,0x00000000ebe80000)
  from space 17920K, 99% used [0x00000000ed700000,0x00000000ee87e680,0x00000000ee880000)
  to   space 25088K, 0% used [0x00000000ebe80000,0x00000000ebe80000,0x00000000ed700000)
 ParOldGen       total 304640K, used 273275K [0x00000000c0000000, 0x00000000d2980000, 0x00000000eab00000)
  object space 304640K, 89% used [0x00000000c0000000,0x00000000d0adefb0,0x00000000d2980000)
 Metaspace       used 75871K, committed 77248K, reserved 1179648K
  class space    used 8068K, committed 8640K, reserved 1048576K
}
Event: 162.895 GC heap before
{Heap before GC invocations=337 (full 12):
 PSYoungGen      total 37888K, used 37881K [0x00000000eab00000, 0x00000000ef600000, 0x0000000100000000)
  eden space 19968K, 100% used [0x00000000eab00000,0x00000000ebe80000,0x00000000ebe80000)
  from space 17920K, 99% used [0x00000000ed700000,0x00000000ee87e680,0x00000000ee880000)
  to   space 25088K, 0% used [0x00000000ebe80000,0x00000000ebe80000,0x00000000ed700000)
 ParOldGen       total 304640K, used 273275K [0x00000000c0000000, 0x00000000d2980000, 0x00000000eab00000)
  object space 304640K, 89% used [0x00000000c0000000,0x00000000d0adefb0,0x00000000d2980000)
 Metaspace       used 76114K, committed 77440K, reserved 1179648K
  class space    used 8101K, committed 8640K, reserved 1048576K
}
Event: 162.921 GC heap after
{Heap after GC invocations=337 (full 12):
 PSYoungGen      total 26624K, used 6482K [0x00000000eab00000, 0x00000000ed900000, 0x0000000100000000)
  eden space 19968K, 0% used [0x00000000eab00000,0x00000000eab00000,0x00000000ebe80000)
  from space 6656K, 97% used [0x00000000ebe80000,0x00000000ec4d4b68,0x00000000ec500000)
  to   space 12800K, 0% used [0x00000000ecc80000,0x00000000ecc80000,0x00000000ed900000)
 ParOldGen       total 304640K, used 282456K [0x00000000c0000000, 0x00000000d2980000, 0x00000000eab00000)
  object space 304640K, 92% used [0x00000000c0000000,0x00000000d13d62d0,0x00000000d2980000)
 Metaspace       used 76114K, committed 77440K, reserved 1179648K
  class space    used 8101K, committed 8640K, reserved 1048576K
}
Event: 163.069 GC heap before
{Heap before GC invocations=338 (full 12):
 PSYoungGen      total 26624K, used 26450K [0x00000000eab00000, 0x00000000ed900000, 0x0000000100000000)
  eden space 19968K, 100% used [0x00000000eab00000,0x00000000ebe80000,0x00000000ebe80000)
  from space 6656K, 97% used [0x00000000ebe80000,0x00000000ec4d4b68,0x00000000ec500000)
  to   space 12800K, 0% used [0x00000000ecc80000,0x00000000ecc80000,0x00000000ed900000)
 ParOldGen       total 304640K, used 282456K [0x00000000c0000000, 0x00000000d2980000, 0x00000000eab00000)
  object space 304640K, 92% used [0x00000000c0000000,0x00000000d13d62d0,0x00000000d2980000)
 Metaspace       used 76139K, committed 77440K, reserved 1179648K
  class space    used 8101K, committed 8640K, reserved 1048576K
}
Event: 163.077 GC heap after
{Heap after GC invocations=338 (full 12):
 PSYoungGen      total 28160K, used 7062K [0x00000000eab00000, 0x00000000ed380000, 0x0000000100000000)
  eden space 20992K, 0% used [0x00000000eab00000,0x00000000eab00000,0x00000000ebf80000)
  from space 7168K, 98% used [0x00000000ecc80000,0x00000000ed365a10,0x00000000ed380000)
  to   space 8192K, 0% used [0x00000000ec380000,0x00000000ec380000,0x00000000ecb80000)
 ParOldGen       total 304640K, used 282456K [0x00000000c0000000, 0x00000000d2980000, 0x00000000eab00000)
  object space 304640K, 92% used [0x00000000c0000000,0x00000000d13d62d0,0x00000000d2980000)
 Metaspace       used 76139K, committed 77440K, reserved 1179648K
  class space    used 8101K, committed 8640K, reserved 1048576K
}
Event: 163.340 GC heap before
{Heap before GC invocations=339 (full 12):
 PSYoungGen      total 28160K, used 28054K [0x00000000eab00000, 0x00000000ed380000, 0x0000000100000000)
  eden space 20992K, 100% used [0x00000000eab00000,0x00000000ebf80000,0x00000000ebf80000)
  from space 7168K, 98% used [0x00000000ecc80000,0x00000000ed365a10,0x00000000ed380000)
  to   space 8192K, 0% used [0x00000000ec380000,0x00000000ec380000,0x00000000ecb80000)
 ParOldGen       total 304640K, used 282456K [0x00000000c0000000, 0x00000000d2980000, 0x00000000eab00000)
  object space 304640K, 92% used [0x00000000c0000000,0x00000000d13d62d0,0x00000000d2980000)
 Metaspace       used 76190K, committed 77504K, reserved 1179648K
  class space    used 8102K, committed 8640K, reserved 1048576K
}
Event: 163.347 GC heap after
{Heap after GC invocations=339 (full 12):
 PSYoungGen      total 29696K, used 7332K [0x00000000eab00000, 0x00000000ecf80000, 0x0000000100000000)
  eden space 22016K, 0% used [0x00000000eab00000,0x00000000eab00000,0x00000000ec080000)
  from space 7680K, 95% used [0x00000000ec380000,0x00000000ecaa9148,0x00000000ecb00000)
  to   space 4608K, 0% used [0x00000000ecb00000,0x00000000ecb00000,0x00000000ecf80000)
 ParOldGen       total 304640K, used 282456K [0x00000000c0000000, 0x00000000d2980000, 0x00000000eab00000)
  object space 304640K, 92% used [0x00000000c0000000,0x00000000d13d62d0,0x00000000d2980000)
 Metaspace       used 76190K, committed 77504K, reserved 1179648K
  class space    used 8102K, committed 8640K, reserved 1048576K
}
Event: 163.602 GC heap before
{Heap before GC invocations=340 (full 12):
 PSYoungGen      total 29696K, used 28547K [0x00000000eab00000, 0x00000000ecf80000, 0x0000000100000000)
  eden space 22016K, 96% used [0x00000000eab00000,0x00000000ebfb7b80,0x00000000ec080000)
  from space 7680K, 95% used [0x00000000ec380000,0x00000000ecaa9148,0x00000000ecb00000)
  to   space 4608K, 0% used [0x00000000ecb00000,0x00000000ecb00000,0x00000000ecf80000)
 ParOldGen       total 304640K, used 282456K [0x00000000c0000000, 0x00000000d2980000, 0x00000000eab00000)
  object space 304640K, 92% used [0x00000000c0000000,0x00000000d13d62d0,0x00000000d2980000)
 Metaspace       used 76224K, committed 77568K, reserved 1179648K
  class space    used 8102K, committed 8640K, reserved 1048576K
}
Event: 163.610 GC heap after
{Heap after GC invocations=340 (full 12):
 PSYoungGen      total 27648K, used 4596K [0x00000000eab00000, 0x00000000ecf80000, 0x0000000100000000)
  eden space 23040K, 0% used [0x00000000eab00000,0x00000000eab00000,0x00000000ec180000)
  from space 4608K, 99% used [0x00000000ecb00000,0x00000000ecf7d378,0x00000000ecf80000)
  to   space 7168K, 0% used [0x00000000ec180000,0x00000000ec180000,0x00000000ec880000)
 ParOldGen       total 304640K, used 284700K [0x00000000c0000000, 0x00000000d2980000, 0x00000000eab00000)
  object space 304640K, 93% used [0x00000000c0000000,0x00000000d16073f0,0x00000000d2980000)
 Metaspace       used 76224K, committed 77568K, reserved 1179648K
  class space    used 8102K, committed 8640K, reserved 1048576K
}
Event: 163.837 GC heap before
{Heap before GC invocations=341 (full 12):
 PSYoungGen      total 27648K, used 27597K [0x00000000eab00000, 0x00000000ecf80000, 0x0000000100000000)
  eden space 23040K, 99% used [0x00000000eab00000,0x00000000ec1763e8,0x00000000ec180000)
  from space 4608K, 99% used [0x00000000ecb00000,0x00000000ecf7d378,0x00000000ecf80000)
  to   space 7168K, 0% used [0x00000000ec180000,0x00000000ec180000,0x00000000ec880000)
 ParOldGen       total 304640K, used 284700K [0x00000000c0000000, 0x00000000d2980000, 0x00000000eab00000)
  object space 304640K, 93% used [0x00000000c0000000,0x00000000d16073f0,0x00000000d2980000)
 Metaspace       used 76270K, committed 77568K, reserved 1179648K
  class space    used 8105K, committed 8640K, reserved 1048576K
}
Event: 163.844 GC heap after
{Heap after GC invocations=341 (full 12):
 PSYoungGen      total 24576K, used 1463K [0x00000000eab00000, 0x00000000ecb80000, 0x0000000100000000)
  eden space 23040K, 0% used [0x00000000eab00000,0x00000000eab00000,0x00000000ec180000)
  from space 1536K, 95% used [0x00000000ec180000,0x00000000ec2edcc8,0x00000000ec300000)
  to   space 3584K, 0% used [0x00000000ec800000,0x00000000ec800000,0x00000000ecb80000)
 ParOldGen       total 304640K, used 288336K [0x00000000c0000000, 0x00000000d2980000, 0x00000000eab00000)
  object space 304640K, 94% used [0x00000000c0000000,0x00000000d1994148,0x00000000d2980000)
 Metaspace       used 76270K, committed 77568K, reserved 1179648K
  class space    used 8105K, committed 8640K, reserved 1048576K
}
Event: 164.133 GC heap before
{Heap before GC invocations=342 (full 12):
 PSYoungGen      total 24576K, used 24481K [0x00000000eab00000, 0x00000000ecb80000, 0x0000000100000000)
  eden space 23040K, 99% used [0x00000000eab00000,0x00000000ec17a918,0x00000000ec180000)
  from space 1536K, 95% used [0x00000000ec180000,0x00000000ec2edcc8,0x00000000ec300000)
  to   space 3584K, 0% used [0x00000000ec800000,0x00000000ec800000,0x00000000ecb80000)
 ParOldGen       total 304640K, used 288336K [0x00000000c0000000, 0x00000000d2980000, 0x00000000eab00000)
  object space 304640K, 94% used [0x00000000c0000000,0x00000000d1994148,0x00000000d2980000)
 Metaspace       used 76585K, committed 77952K, reserved 1179648K
  class space    used 8128K, committed 8704K, reserved 1048576K
}
Event: 164.141 GC heap after
{Heap after GC invocations=342 (full 12):
 PSYoungGen      total 27648K, used 3485K [0x00000000eab00000, 0x00000000ecb80000, 0x0000000100000000)
  eden space 24064K, 0% used [0x00000000eab00000,0x00000000eab00000,0x00000000ec280000)
  from space 3584K, 97% used [0x00000000ec800000,0x00000000ecb677a0,0x00000000ecb80000)
  to   space 4096K, 0% used [0x00000000ec380000,0x00000000ec380000,0x00000000ec780000)
 ParOldGen       total 304640K, used 288344K [0x00000000c0000000, 0x00000000d2980000, 0x00000000eab00000)
  object space 304640K, 94% used [0x00000000c0000000,0x00000000d1996148,0x00000000d2980000)
 Metaspace       used 76585K, committed 77952K, reserved 1179648K
  class space    used 8128K, committed 8704K, reserved 1048576K
}
Event: 164.314 GC heap before
{Heap before GC invocations=343 (full 12):
 PSYoungGen      total 27648K, used 27549K [0x00000000eab00000, 0x00000000ecb80000, 0x0000000100000000)
  eden space 24064K, 100% used [0x00000000eab00000,0x00000000ec280000,0x00000000ec280000)
  from space 3584K, 97% used [0x00000000ec800000,0x00000000ecb677a0,0x00000000ecb80000)
  to   space 4096K, 0% used [0x00000000ec380000,0x00000000ec380000,0x00000000ec780000)
 ParOldGen       total 304640K, used 288344K [0x00000000c0000000, 0x00000000d2980000, 0x00000000eab00000)
  object space 304640K, 94% used [0x00000000c0000000,0x00000000d1996148,0x00000000d2980000)
 Metaspace       used 76591K, committed 77952K, reserved 1179648K
  class space    used 8128K, committed 8704K, reserved 1048576K
}
Event: 164.320 GC heap after
{Heap after GC invocations=343 (full 12):
 PSYoungGen      total 27136K, used 1876K [0x00000000eab00000, 0x00000000ec880000, 0x0000000100000000)
  eden space 25088K, 0% used [0x00000000eab00000,0x00000000eab00000,0x00000000ec380000)
  from space 2048K, 91% used [0x00000000ec380000,0x00000000ec5552a8,0x00000000ec580000)
  to   space 2560K, 0% used [0x00000000ec600000,0x00000000ec600000,0x00000000ec880000)
 ParOldGen       total 304640K, used 288344K [0x00000000c0000000, 0x00000000d2980000, 0x00000000eab00000)
  object space 304640K, 94% used [0x00000000c0000000,0x00000000d1996148,0x00000000d2980000)
 Metaspace       used 76591K, committed 77952K, reserved 1179648K
  class space    used 8128K, committed 8704K, reserved 1048576K
}
Event: 164.520 GC heap before
{Heap before GC invocations=344 (full 12):
 PSYoungGen      total 27136K, used 26259K [0x00000000eab00000, 0x00000000ec880000, 0x0000000100000000)
  eden space 25088K, 97% used [0x00000000eab00000,0x00000000ec2cfce8,0x00000000ec380000)
  from space 2048K, 91% used [0x00000000ec380000,0x00000000ec5552a8,0x00000000ec580000)
  to   space 2560K, 0% used [0x00000000ec600000,0x00000000ec600000,0x00000000ec880000)
 ParOldGen       total 304640K, used 288344K [0x00000000c0000000, 0x00000000d2980000, 0x00000000eab00000)
  object space 304640K, 94% used [0x00000000c0000000,0x00000000d1996148,0x00000000d2980000)
 Metaspace       used 76616K, committed 77952K, reserved 1179648K
  class space    used 8128K, committed 8704K, reserved 1048576K
}
Event: 164.525 GC heap after
{Heap after GC invocations=344 (full 12):
 PSYoungGen      total 28160K, used 1572K [0x00000000eab00000, 0x00000000ec880000, 0x0000000100000000)
  eden space 25600K, 0% used [0x00000000eab00000,0x00000000eab00000,0x00000000ec400000)
  from space 2560K, 61% used [0x00000000ec600000,0x00000000ec789298,0x00000000ec880000)
  to   space 2048K, 0% used [0x00000000ec400000,0x00000000ec400000,0x00000000ec600000)
 ParOldGen       total 304640K, used 288352K [0x00000000c0000000, 0x00000000d2980000, 0x00000000eab00000)
  object space 304640K, 94% used [0x00000000c0000000,0x00000000d1998148,0x00000000d2980000)
 Metaspace       used 76616K, committed 77952K, reserved 1179648K
  class space    used 8128K, committed 8704K, reserved 1048576K
}
Event: 254.918 GC heap before
{Heap before GC invocations=345 (full 12):
 PSYoungGen      total 28160K, used 27172K [0x00000000eab00000, 0x00000000ec880000, 0x0000000100000000)
  eden space 25600K, 100% used [0x00000000eab00000,0x00000000ec400000,0x00000000ec400000)
  from space 2560K, 61% used [0x00000000ec600000,0x00000000ec789298,0x00000000ec880000)
  to   space 2048K, 0% used [0x00000000ec400000,0x00000000ec400000,0x00000000ec600000)
 ParOldGen       total 304640K, used 288352K [0x00000000c0000000, 0x00000000d2980000, 0x00000000eab00000)
  object space 304640K, 94% used [0x00000000c0000000,0x00000000d1998148,0x00000000d2980000)
 Metaspace       used 76655K, committed 78016K, reserved 1179648K
  class space    used 8131K, committed 8704K, reserved 1048576K
}
Event: 255.095 GC heap after
{Heap after GC invocations=345 (full 12):
 PSYoungGen      total 27136K, used 1332K [0x00000000eab00000, 0x00000000ec700000, 0x0000000100000000)
  eden space 25600K, 0% used [0x00000000eab00000,0x00000000eab00000,0x00000000ec400000)
  from space 1536K, 86% used [0x00000000ec400000,0x00000000ec54d288,0x00000000ec580000)
  to   space 1536K, 0% used [0x00000000ec580000,0x00000000ec580000,0x00000000ec700000)
 ParOldGen       total 304640K, used 288360K [0x00000000c0000000, 0x00000000d2980000, 0x00000000eab00000)
  object space 304640K, 94% used [0x00000000c0000000,0x00000000d199a148,0x00000000d2980000)
 Metaspace       used 76655K, committed 78016K, reserved 1179648K
  class space    used 8131K, committed 8704K, reserved 1048576K
}

