# JRE version: OpenJDK Runtime Environment Temurin-17.0.11+9 (17.0.11+9) (build 17.0.11+9)
# Java VM: OpenJDK 64-Bit Server VM Temurin-17.0.11+9 (17.0.11+9, mixed mode, tiered, compressed oops, compressed class ptrs, parallel gc, windows-amd64)
GC Precious Log:
 CPUs: 4 total, 4 available
 Memory: 3934M
 Large Page Support: Disabled
 NUMA Support: Disabled
 Compressed Oops: Enabled (32-bit)
 Alignments: Space 512K, Generation 512K, Heap 2M
 Heap Min Capacity: 100M
 Heap Initial Capacity: 100M
 Heap Max Capacity: 1G
 Pre-touch: Disabled
 Parallel Workers: 4
Heap:
 PSYoungGen      total 17920K, used 4058K [0x00000000eab00000, 0x00000000ec080000, 0x0000000100000000)
  eden space 12288K, 24% used [0x00000000eab00000,0x00000000eade9858,0x00000000eb700000)
  from space 5632K, 19% used [0x00000000eb700000,0x00000000eb80d200,0x00000000ebc80000)
  to   space 2048K, 0% used [0x00000000ebe80000,0x00000000ebe80000,0x00000000ec080000)
 ParOldGen       total 275456K, used 152419K [0x00000000c0000000, 0x00000000d0d00000, 0x00000000eab00000)
  object space 275456K, 55% used [0x00000000c0000000,0x00000000c94d8d30,0x00000000d0d00000)
 Metaspace       used 94008K, committed 95616K, reserved 1179648K
  class space    used 9322K, committed 10048K, reserved 1048576K
GC Heap History (20 events):
Event: 8349.531 GC heap before
{Heap before GC invocations=2283 (full 49):
 PSYoungGen      total 4096K, used 3956K [0x00000000eab00000, 0x00000000eb300000, 0x0000000100000000)
  eden space 2560K, 100% used [0x00000000eab00000,0x00000000ead80000,0x00000000ead80000)
  from space 1536K, 90% used [0x00000000ead80000,0x00000000eaedd200,0x00000000eaf00000)
  to   space 2560K, 0% used [0x00000000eb080000,0x00000000eb080000,0x00000000eb300000)
 ParOldGen       total 276480K, used 268093K [0x00000000c0000000, 0x00000000d0e00000, 0x00000000eab00000)
  object space 276480K, 96% used [0x00000000c0000000,0x00000000d05cf6b0,0x00000000d0e00000)
 Metaspace       used 94001K, committed 95616K, reserved 1179648K
  class space    used 9322K, committed 10048K, reserved 1048576K
}
Event: 8349.570 GC heap after
{Heap after GC invocations=2283 (full 49):
 PSYoungGen      total 3584K, used 352K [0x00000000eab00000, 0x00000000eb100000, 0x0000000100000000)
  eden space 3072K, 0% used [0x00000000eab00000,0x00000000eab00000,0x00000000eae00000)
  from space 512K, 68% used [0x00000000eb080000,0x00000000eb0d8000,0x00000000eb100000)
  to   space 1024K, 0% used [0x00000000eaf00000,0x00000000eaf00000,0x00000000eb000000)
 ParOldGen       total 276480K, used 269414K [0x00000000c0000000, 0x00000000d0e00000, 0x00000000eab00000)
  object space 276480K, 97% used [0x00000000c0000000,0x00000000d0719b30,0x00000000d0e00000)
 Metaspace       used 94001K, committed 95616K, reserved 1179648K
  class space    used 9322K, committed 10048K, reserved 1048576K
}
Event: 8349.733 GC heap before
{Heap before GC invocations=2284 (full 49):
 PSYoungGen      total 3584K, used 3424K [0x00000000eab00000, 0x00000000eb100000, 0x0000000100000000)
  eden space 3072K, 100% used [0x00000000eab00000,0x00000000eae00000,0x00000000eae00000)
  from space 512K, 68% used [0x00000000eb080000,0x00000000eb0d8000,0x00000000eb100000)
  to   space 1024K, 0% used [0x00000000eaf00000,0x00000000eaf00000,0x00000000eb000000)
 ParOldGen       total 276480K, used 269414K [0x00000000c0000000, 0x00000000d0e00000, 0x00000000eab00000)
  object space 276480K, 97% used [0x00000000c0000000,0x00000000d0719b30,0x00000000d0e00000)
 Metaspace       used 94001K, committed 95616K, reserved 1179648K
  class space    used 9322K, committed 10048K, reserved 1048576K
}
Event: 8349.743 GC heap after
{Heap after GC invocations=2284 (full 49):
 PSYoungGen      total 5120K, used 416K [0x00000000eab00000, 0x00000000eb100000, 0x0000000100000000)
  eden space 4096K, 0% used [0x00000000eab00000,0x00000000eab00000,0x00000000eaf00000)
  from space 1024K, 40% used [0x00000000eaf00000,0x00000000eaf68000,0x00000000eb000000)
  to   space 512K, 0% used [0x00000000eb080000,0x00000000eb080000,0x00000000eb100000)
 ParOldGen       total 276480K, used 269686K [0x00000000c0000000, 0x00000000d0e00000, 0x00000000eab00000)
  object space 276480K, 97% used [0x00000000c0000000,0x00000000d075db30,0x00000000d0e00000)
 Metaspace       used 94001K, committed 95616K, reserved 1179648K
  class space    used 9322K, committed 10048K, reserved 1048576K
}
Event: 8349.916 GC heap before
{Heap before GC invocations=2285 (full 49):
 PSYoungGen      total 5120K, used 4512K [0x00000000eab00000, 0x00000000eb100000, 0x0000000100000000)
  eden space 4096K, 100% used [0x00000000eab00000,0x00000000eaf00000,0x00000000eaf00000)
  from space 1024K, 40% used [0x00000000eaf00000,0x00000000eaf68000,0x00000000eb000000)
  to   space 512K, 0% used [0x00000000eb080000,0x00000000eb080000,0x00000000eb100000)
 ParOldGen       total 276480K, used 269686K [0x00000000c0000000, 0x00000000d0e00000, 0x00000000eab00000)
  object space 276480K, 97% used [0x00000000c0000000,0x00000000d075db30,0x00000000d0e00000)
 Metaspace       used 94002K, committed 95616K, reserved 1179648K
  class space    used 9322K, committed 10048K, reserved 1048576K
}
Event: 8349.929 GC heap after
{Heap after GC invocations=2285 (full 49):
 PSYoungGen      total 5632K, used 320K [0x00000000eab00000, 0x00000000eb100000, 0x0000000100000000)
  eden space 5120K, 0% used [0x00000000eab00000,0x00000000eab00000,0x00000000eb000000)
  from space 512K, 62% used [0x00000000eb080000,0x00000000eb0d0000,0x00000000eb100000)
  to   space 512K, 0% used [0x00000000eb000000,0x00000000eb000000,0x00000000eb080000)
 ParOldGen       total 276480K, used 270030K [0x00000000c0000000, 0x00000000d0e00000, 0x00000000eab00000)
  object space 276480K, 97% used [0x00000000c0000000,0x00000000d07b3b30,0x00000000d0e00000)
 Metaspace       used 94002K, committed 95616K, reserved 1179648K
  class space    used 9322K, committed 10048K, reserved 1048576K
}
Event: 8350.457 GC heap before
{Heap before GC invocations=2286 (full 49):
 PSYoungGen      total 5632K, used 5440K [0x00000000eab00000, 0x00000000eb100000, 0x0000000100000000)
  eden space 5120K, 100% used [0x00000000eab00000,0x00000000eb000000,0x00000000eb000000)
  from space 512K, 62% used [0x00000000eb080000,0x00000000eb0d0000,0x00000000eb100000)
  to   space 512K, 0% used [0x00000000eb000000,0x00000000eb000000,0x00000000eb080000)
 ParOldGen       total 276480K, used 270030K [0x00000000c0000000, 0x00000000d0e00000, 0x00000000eab00000)
  object space 276480K, 97% used [0x00000000c0000000,0x00000000d07b3b30,0x00000000d0e00000)
 Metaspace       used 94005K, committed 95616K, reserved 1179648K
  class space    used 9322K, committed 10048K, reserved 1048576K
}
Event: 8350.574 GC heap after
{Heap after GC invocations=2286 (full 49):
 PSYoungGen      total 5632K, used 503K [0x00000000eab00000, 0x00000000ebb00000, 0x0000000100000000)
  eden space 5120K, 0% used [0x00000000eab00000,0x00000000eab00000,0x00000000eb000000)
  from space 512K, 98% used [0x00000000eb000000,0x00000000eb07dc00,0x00000000eb080000)
  to   space 5120K, 0% used [0x00000000eb600000,0x00000000eb600000,0x00000000ebb00000)
 ParOldGen       total 276480K, used 273749K [0x00000000c0000000, 0x00000000d0e00000, 0x00000000eab00000)
  object space 276480K, 99% used [0x00000000c0000000,0x00000000d0b55730,0x00000000d0e00000)
 Metaspace       used 94005K, committed 95616K, reserved 1179648K
  class space    used 9322K, committed 10048K, reserved 1048576K
}
Event: 8350.576 GC heap before
{Heap before GC invocations=2287 (full 50):
 PSYoungGen      total 5632K, used 503K [0x00000000eab00000, 0x00000000ebb00000, 0x0000000100000000)
  eden space 5120K, 0% used [0x00000000eab00000,0x00000000eab00000,0x00000000eb000000)
  from space 512K, 98% used [0x00000000eb000000,0x00000000eb07dc00,0x00000000eb080000)
  to   space 5120K, 0% used [0x00000000eb600000,0x00000000eb600000,0x00000000ebb00000)
 ParOldGen       total 276480K, used 273749K [0x00000000c0000000, 0x00000000d0e00000, 0x00000000eab00000)
  object space 276480K, 99% used [0x00000000c0000000,0x00000000d0b55730,0x00000000d0e00000)
 Metaspace       used 94005K, committed 95616K, reserved 1179648K
  class space    used 9322K, committed 10048K, reserved 1048576K
}
Event: 8360.155 GC heap after
{Heap after GC invocations=2287 (full 50):
 PSYoungGen      total 11264K, used 0K [0x00000000eab00000, 0x00000000ebb00000, 0x0000000100000000)
  eden space 6144K, 0% used [0x00000000eab00000,0x00000000eab00000,0x00000000eb100000)
  from space 5120K, 0% used [0x00000000eb600000,0x00000000eb600000,0x00000000ebb00000)
  to   space 5120K, 0% used [0x00000000eb100000,0x00000000eb100000,0x00000000eb600000)
 ParOldGen       total 275456K, used 135243K [0x00000000c0000000, 0x00000000d0d00000, 0x00000000eab00000)
  object space 275456K, 49% used [0x00000000c0000000,0x00000000c8412c90,0x00000000d0d00000)
 Metaspace       used 94005K, committed 95616K, reserved 1179648K
  class space    used 9322K, committed 10048K, reserved 1048576K
}
Event: 8360.359 GC heap before
{Heap before GC invocations=2288 (full 50):
 PSYoungGen      total 11264K, used 6144K [0x00000000eab00000, 0x00000000ebb00000, 0x0000000100000000)
  eden space 6144K, 100% used [0x00000000eab00000,0x00000000eb100000,0x00000000eb100000)
  from space 5120K, 0% used [0x00000000eb600000,0x00000000eb600000,0x00000000ebb00000)
  to   space 5120K, 0% used [0x00000000eb100000,0x00000000eb100000,0x00000000eb600000)
 ParOldGen       total 275456K, used 135243K [0x00000000c0000000, 0x00000000d0d00000, 0x00000000eab00000)
  object space 275456K, 49% used [0x00000000c0000000,0x00000000c8412c90,0x00000000d0d00000)
 Metaspace       used 94005K, committed 95616K, reserved 1179648K
  class space    used 9322K, committed 10048K, reserved 1048576K
}
Event: 8360.496 GC heap after
{Heap after GC invocations=2288 (full 50):
 PSYoungGen      total 11264K, used 5120K [0x00000000eab00000, 0x00000000ebf80000, 0x0000000100000000)
  eden space 6144K, 0% used [0x00000000eab00000,0x00000000eab00000,0x00000000eb100000)
  from space 5120K, 100% used [0x00000000eb100000,0x00000000eb600000,0x00000000eb600000)
  to   space 6656K, 0% used [0x00000000eb900000,0x00000000eb900000,0x00000000ebf80000)
 ParOldGen       total 275456K, used 136059K [0x00000000c0000000, 0x00000000d0d00000, 0x00000000eab00000)
  object space 275456K, 49% used [0x00000000c0000000,0x00000000c84dec90,0x00000000d0d00000)
 Metaspace       used 94005K, committed 95616K, reserved 1179648K
  class space    used 9322K, committed 10048K, reserved 1048576K
}
Event: 8360.990 GC heap before
{Heap before GC invocations=2289 (full 50):
 PSYoungGen      total 11264K, used 11264K [0x00000000eab00000, 0x00000000ebf80000, 0x0000000100000000)
  eden space 6144K, 100% used [0x00000000eab00000,0x00000000eb100000,0x00000000eb100000)
  from space 5120K, 100% used [0x00000000eb100000,0x00000000eb600000,0x00000000eb600000)
  to   space 6656K, 0% used [0x00000000eb900000,0x00000000eb900000,0x00000000ebf80000)
 ParOldGen       total 275456K, used 136059K [0x00000000c0000000, 0x00000000d0d00000, 0x00000000eab00000)
  object space 275456K, 49% used [0x00000000c0000000,0x00000000c84dec90,0x00000000d0d00000)
 Metaspace       used 94008K, committed 95616K, reserved 1179648K
  class space    used 9322K, committed 10048K, reserved 1048576K
}
Event: 8361.156 GC heap after
{Heap after GC invocations=2289 (full 50):
 PSYoungGen      total 12288K, used 4498K [0x00000000eab00000, 0x00000000ebd80000, 0x0000000100000000)
  eden space 7680K, 0% used [0x00000000eab00000,0x00000000eab00000,0x00000000eb280000)
  from space 4608K, 97% used [0x00000000eb900000,0x00000000ebd64960,0x00000000ebd80000)
  to   space 5120K, 0% used [0x00000000eb380000,0x00000000eb380000,0x00000000eb880000)
 ParOldGen       total 275456K, used 141243K [0x00000000c0000000, 0x00000000d0d00000, 0x00000000eab00000)
  object space 275456K, 51% used [0x00000000c0000000,0x00000000c89eec90,0x00000000d0d00000)
 Metaspace       used 94008K, committed 95616K, reserved 1179648K
  class space    used 9322K, committed 10048K, reserved 1048576K
}
Event: 8361.219 GC heap before
{Heap before GC invocations=2290 (full 50):
 PSYoungGen      total 12288K, used 11785K [0x00000000eab00000, 0x00000000ebd80000, 0x0000000100000000)
  eden space 7680K, 94% used [0x00000000eab00000,0x00000000eb21daa0,0x00000000eb280000)
  from space 4608K, 97% used [0x00000000eb900000,0x00000000ebd64960,0x00000000ebd80000)
  to   space 5120K, 0% used [0x00000000eb380000,0x00000000eb380000,0x00000000eb880000)
 ParOldGen       total 275456K, used 141243K [0x00000000c0000000, 0x00000000d0d00000, 0x00000000eab00000)
  object space 275456K, 51% used [0x00000000c0000000,0x00000000c89eec90,0x00000000d0d00000)
 Metaspace       used 94008K, committed 95616K, reserved 1179648K
  class space    used 9322K, committed 10048K, reserved 1048576K
}
Event: 8361.277 GC heap after
{Heap after GC invocations=2290 (full 50):
 PSYoungGen      total 13824K, used 5120K [0x00000000eab00000, 0x00000000ecc00000, 0x0000000100000000)
  eden space 8704K, 0% used [0x00000000eab00000,0x00000000eab00000,0x00000000eb380000)
  from space 5120K, 100% used [0x00000000eb380000,0x00000000eb880000,0x00000000eb880000)
  to   space 12288K, 0% used [0x00000000ec000000,0x00000000ec000000,0x00000000ecc00000)
 ParOldGen       total 275456K, used 147171K [0x00000000c0000000, 0x00000000d0d00000, 0x00000000eab00000)
  object space 275456K, 53% used [0x00000000c0000000,0x00000000c8fb8d30,0x00000000d0d00000)
 Metaspace       used 94008K, committed 95616K, reserved 1179648K
  class space    used 9322K, committed 10048K, reserved 1048576K
}
Event: 8361.878 GC heap before
{Heap before GC invocations=2291 (full 50):
 PSYoungGen      total 13824K, used 13824K [0x00000000eab00000, 0x00000000ecc00000, 0x0000000100000000)
  eden space 8704K, 100% used [0x00000000eab00000,0x00000000eb380000,0x00000000eb380000)
  from space 5120K, 100% used [0x00000000eb380000,0x00000000eb880000,0x00000000eb880000)
  to   space 12288K, 0% used [0x00000000ec000000,0x00000000ec000000,0x00000000ecc00000)
 ParOldGen       total 275456K, used 147171K [0x00000000c0000000, 0x00000000d0d00000, 0x00000000eab00000)
  object space 275456K, 53% used [0x00000000c0000000,0x00000000c8fb8d30,0x00000000d0d00000)
 Metaspace       used 94008K, committed 95616K, reserved 1179648K
  class space    used 9322K, committed 10048K, reserved 1048576K
}
Event: 8361.925 GC heap after
{Heap after GC invocations=2291 (full 50):
 PSYoungGen      total 12800K, used 1965K [0x00000000eab00000, 0x00000000ec200000, 0x0000000100000000)
  eden space 10752K, 0% used [0x00000000eab00000,0x00000000eab00000,0x00000000eb580000)
  from space 2048K, 95% used [0x00000000ec000000,0x00000000ec1eb740,0x00000000ec200000)
  to   space 5632K, 0% used [0x00000000eb700000,0x00000000eb700000,0x00000000ebc80000)
 ParOldGen       total 275456K, used 151891K [0x00000000c0000000, 0x00000000d0d00000, 0x00000000eab00000)
  object space 275456K, 55% used [0x00000000c0000000,0x00000000c9454d30,0x00000000d0d00000)
 Metaspace       used 94008K, committed 95616K, reserved 1179648K
  class space    used 9322K, committed 10048K, reserved 1048576K
}
Event: 8362.722 GC heap before
{Heap before GC invocations=2292 (full 50):
 PSYoungGen      total 12800K, used 12717K [0x00000000eab00000, 0x00000000ec200000, 0x0000000100000000)
  eden space 10752K, 100% used [0x00000000eab00000,0x00000000eb580000,0x00000000eb580000)
  from space 2048K, 95% used [0x00000000ec000000,0x00000000ec1eb740,0x00000000ec200000)
  to   space 5632K, 0% used [0x00000000eb700000,0x00000000eb700000,0x00000000ebc80000)
 ParOldGen       total 275456K, used 151891K [0x00000000c0000000, 0x00000000d0d00000, 0x00000000eab00000)
  object space 275456K, 55% used [0x00000000c0000000,0x00000000c9454d30,0x00000000d0d00000)
 Metaspace       used 94008K, committed 95616K, reserved 1179648K
  class space    used 9322K, committed 10048K, reserved 1048576K
}
Event: 8362.821 GC heap after
{Heap after GC invocations=2292 (full 50):
 PSYoungGen      total 17920K, used 1076K [0x00000000eab00000, 0x00000000ec080000, 0x0000000100000000)
  eden space 12288K, 0% used [0x00000000eab00000,0x00000000eab00000,0x00000000eb700000)
  from space 5632K, 19% used [0x00000000eb700000,0x00000000eb80d200,0x00000000ebc80000)
  to   space 2048K, 0% used [0x00000000ebe80000,0x00000000ebe80000,0x00000000ec080000)
 ParOldGen       total 275456K, used 152419K [0x00000000c0000000, 0x00000000d0d00000, 0x00000000eab00000)
  object space 275456K, 55% used [0x00000000c0000000,0x00000000c94d8d30,0x00000000d0d00000)
 Metaspace       used 94008K, committed 95616K, reserved 1179648K
  class space    used 9322K, committed 10048K, reserved 1048576K
}

